Using pre-set license
Built from '2021.3/staging' branch; Version is '2021.3.16f1 (4016570cf34f) revision 4200023'; Using compiler version '192829333'; Build Type 'Release'
OS: 'Windows 7  (6.1.0) 64bit Ultimate' Language: 'en' Physical Memory: 3994 MB
BatchMode: 1, IsHumanControllingUs: 0, StartBugReporterOnCrash: 0, Is64bit: 1, IsPro: 1

COMMAND LINE ARGUMENTS:
C:\Program Files\Unity\Hub\Editor\2021.3.16f1\Editor\Unity.exe
-adb2
-batchMode
-noUpm
-name
AssetImportWorker12
-projectPath
E:/animesh/innogeeks/AR house
-logFile
Logs/AssetImportWorker12.log
-srvPort
6877
Successfully changed project path to: E:/animesh/innogeeks/AR house
E:/animesh/innogeeks/AR house
[UnityMemory] Configuration Parameters - Can be set up in boot.config
    "memorysetup-bucket-allocator-granularity=16"
    "memorysetup-bucket-allocator-bucket-count=8"
    "memorysetup-bucket-allocator-block-size=33554432"
    "memorysetup-bucket-allocator-block-count=8"
    "memorysetup-main-allocator-block-size=16777216"
    "memorysetup-thread-allocator-block-size=16777216"
    "memorysetup-gfx-main-allocator-block-size=16777216"
    "memorysetup-gfx-thread-allocator-block-size=16777216"
    "memorysetup-cache-allocator-block-size=4194304"
    "memorysetup-typetree-allocator-block-size=2097152"
    "memorysetup-profiler-bucket-allocator-granularity=16"
    "memorysetup-profiler-bucket-allocator-bucket-count=8"
    "memorysetup-profiler-bucket-allocator-block-size=33554432"
    "memorysetup-profiler-bucket-allocator-block-count=8"
    "memorysetup-profiler-allocator-block-size=16777216"
    "memorysetup-profiler-editor-allocator-block-size=1048576"
    "memorysetup-temp-allocator-size-main=16777216"
    "memorysetup-job-temp-allocator-block-size=2097152"
    "memorysetup-job-temp-allocator-block-size-background=1048576"
    "memorysetup-job-temp-allocator-reduction-small-platforms=262144"
    "memorysetup-temp-allocator-size-background-worker=32768"
    "memorysetup-temp-allocator-size-job-worker=262144"
    "memorysetup-temp-allocator-size-preload-manager=33554432"
    "memorysetup-temp-allocator-size-nav-mesh-worker=65536"
    "memorysetup-temp-allocator-size-audio-worker=65536"
    "memorysetup-temp-allocator-size-cloud-worker=32768"
    "memorysetup-temp-allocator-size-gi-baking-worker=262144"
    "memorysetup-temp-allocator-size-gfx=262144"
Player connection [10104] Host "[IP] 172.20.10.12 [Port] 0 [Flags] 2 [Guid] 257207987 [EditorId] 257207987 [Version] 1048832 [Id] WindowsEditor(7,OEM-PC) [Debug] 1 [PackageName] WindowsEditor [ProjectName] Editor" joined multi-casting on [225.0.0.222:54997]...

Player connection [10104] Host "[IP] 172.20.10.12 [Port] 0 [Flags] 2 [Guid] 257207987 [EditorId] 257207987 [Version] 1048832 [Id] WindowsEditor(7,OEM-PC) [Debug] 1 [PackageName] WindowsEditor [ProjectName] Editor" joined alternative multi-casting on [225.0.0.222:34997]...

Refreshing native plugins compatible for Editor in 193.67 ms, found 6 plugins.
Plugins: Failed to load 'E:/animesh/innogeeks/AR house/Library/PackageCache/com.ptc.vuforia.engine@778cd30f6ecb/Vuforia/Plugins/Windows/x64/FileDriver.dll' because one or more of its dependencies could not be loaded.
Preloading 2 native plugins for Editor in 2.04 ms.
Initialize engine version: 2021.3.16f1 (4016570cf34f)
[Subsystems] Discovering subsystems at path C:/Program Files/Unity/Hub/Editor/2021.3.16f1/Editor/Data/Resources/UnitySubsystems
[Subsystems] Discovering subsystems at path E:/animesh/innogeeks/AR house/Assets
GfxDevice: creating device client; threaded=0; jobified=0
d3d11: CreateDXGIFactory2(...) not found, fallbacking to CreateDXGIFactory1(...).
d3d11: QueryInterface(IDXGIFactory5) failed (80004002).
Direct3D:
    Version:  Direct3D 11.0 [level 11.0]
    Renderer: Intel(R) HD Graphics 4000 (ID=0x166)
    Vendor:   Intel
    VRAM:     1632 MB
    Driver:   10.18.10.3431
Initialize mono
Mono path[0] = 'C:/Program Files/Unity/Hub/Editor/2021.3.16f1/Editor/Data/Managed'
Mono path[1] = 'C:/Program Files/Unity/Hub/Editor/2021.3.16f1/Editor/Data/MonoBleedingEdge/lib/mono/unityjit-win32'
Mono config path = 'C:/Program Files/Unity/Hub/Editor/2021.3.16f1/Editor/Data/MonoBleedingEdge/etc'
Using monoOptions --debugger-agent=transport=dt_socket,embedding=1,server=y,suspend=n,address=127.0.0.1:56440
Begin MonoManager ReloadAssembly
Registering precompiled unity dll's ...
Register platform support module: C:/Program Files/Unity/Hub/Editor/2021.3.16f1/Editor/Data/PlaybackEngines/iOSSupport/UnityEditor.iOS.Extensions.dll
Register platform support module: C:/Program Files/Unity/Hub/Editor/2021.3.16f1/Editor/Data/PlaybackEngines/WindowsStandaloneSupport/UnityEditor.WindowsStandalone.Extensions.dll
Registered in 0.005756 seconds.
Native extension for WindowsStandalone target not found
[usbmuxd] Start listen thread
[usbmuxd] Listen thread started
Native extension for iOS target not found
Refreshing native plugins compatible for Editor in 143.37 ms, found 6 plugins.
Plugins: Failed to load 'E:/animesh/innogeeks/AR house/Library/PackageCache/com.ptc.vuforia.engine@778cd30f6ecb/Vuforia/Plugins/Windows/x64/FileDriver.dll' because one or more of its dependencies could not be loaded.
Preloading 2 native plugins for Editor in 1.53 ms.
Mono: successfully reloaded assembly
- Completed reload, in  0.966 seconds
Domain Reload Profiling:
	ReloadAssembly (967ms)
		BeginReloadAssembly (95ms)
			ExecutionOrderSort (0ms)
			DisableScriptedObjects (0ms)
			BackupInstance (0ms)
			ReleaseScriptingObjects (0ms)
			CreateAndSetChildDomain (1ms)
		EndReloadAssembly (713ms)
			LoadAssemblies (92ms)
			RebuildTransferFunctionScriptingTraits (0ms)
			SetupTypeCache (158ms)
			ReleaseScriptCaches (0ms)
			RebuildScriptCaches (45ms)
			SetupLoadedEditorAssemblies (437ms)
				LogAssemblyErrors (0ms)
				InitializePlatformSupportModulesInManaged (36ms)
				SetLoadedEditorAssemblies (0ms)
				RefreshPlugins (145ms)
				BeforeProcessingInitializeOnLoad (2ms)
				ProcessInitializeOnLoadAttributes (188ms)
				ProcessInitializeOnLoadMethodAttributes (67ms)
				AfterProcessingInitializeOnLoad (0ms)
				EditorAssembliesLoaded (0ms)
			ExecutionOrderSort2 (0ms)
			AwakeInstancesAfterBackupRestoration (0ms)
Platform modules already initialized, skipping
Registering precompiled user dll's ...
Registered in 0.007590 seconds.
Begin MonoManager ReloadAssembly
Symbol file LoadedFromMemory doesn't match image E:\animesh\innogeeks\AR house\Library\PackageCache\com.unity.visualscripting@1.7.8\Editor\VisualScripting.Core\Dependencies\YamlDotNet\Unity.VisualScripting.YamlDotNet.dll
Symbol file LoadedFromMemory doesn't match image E:\animesh\innogeeks\AR house\Library\PackageCache\com.unity.visualscripting@1.7.8\Editor\VisualScripting.Core\Dependencies\DotNetZip\Unity.VisualScripting.IonicZip.dll
Native extension for WindowsStandalone target not found
Native extension for iOS target not found
Refreshing native plugins compatible for Editor in 1.01 ms, found 6 plugins.
Plugins: Failed to load 'E:/animesh/innogeeks/AR house/Library/PackageCache/com.ptc.vuforia.engine@778cd30f6ecb/Vuforia/Plugins/Windows/x64/FileDriver.dll' because one or more of its dependencies could not be loaded.
Preloading 2 native plugins for Editor in 1.40 ms.
Package Manager log level set to [2]
[Package Manager] Server::EnsureServerProcessIsRunning -- launch failed, reason: Unity was launched with the -noUpm command-line argument
[Package Manager] Cannot connect to Unity Package Manager local server
System.NullReferenceException: Object reference not set to an instance of an object
  at Vuforia.EditorClasses.ExtensionTypeProvider.GetVuforiaPackageAbsPath () [0x0004a] in <f342c3b6aeee4abea4485c0fb5d73e9d>:0 
  at Vuforia.EditorClasses.ExtensionTypeProvider.IsPackageManager () [0x00000] in <f342c3b6aeee4abea4485c0fb5d73e9d>:0 
  at Vuforia.EditorClasses.ExtensionTypeProvider.ResolvePluginType () [0x00009] in <f342c3b6aeee4abea4485c0fb5d73e9d>:0 
  at Vuforia.EditorClasses.ExtensionTypeProvider.GetPluginType () [0x0000c] in <f342c3b6aeee4abea4485c0fb5d73e9d>:0 
  at Vuforia.EditorClasses.VuforiaUtilities.IsVuforiaEnabledInPlayerSettings () [0x00000] in <f342c3b6aeee4abea4485c0fb5d73e9d>:0 
  at VuforiaEnabledObserver..cctor () [0x00000] in <f342c3b6aeee4abea4485c0fb5d73e9d>:0 
UnityEngine.StackTraceUtility:ExtractStackTrace ()
UnityEngine.DebugLogHandler:LogFormat (UnityEngine.LogType,UnityEngine.Object,string,object[])
UnityEngine.Logger:Log (UnityEngine.LogType,object)
UnityEngine.Debug:LogError (object)
UnityEditor.EditorAssemblies:ProcessInitializeOnLoadAttributes (System.Type[])

[Package Manager] Server::EnsureServerProcessIsRunning -- launch failed, reason: Unity was launched with the -noUpm command-line argument
[Package Manager] Cannot connect to Unity Package Manager local server
System.NullReferenceException: Object reference not set to an instance of an object
  at Vuforia.EditorClasses.ExtensionTypeProvider.GetVuforiaPackageAbsPath () [0x0004a] in <f342c3b6aeee4abea4485c0fb5d73e9d>:0 
  at Vuforia.EditorClasses.ExtensionTypeProvider.IsPackageManager () [0x00000] in <f342c3b6aeee4abea4485c0fb5d73e9d>:0 
  at Vuforia.EditorClasses.ExtensionTypeProvider.ResolvePluginType () [0x00009] in <f342c3b6aeee4abea4485c0fb5d73e9d>:0 
  at Vuforia.EditorClasses.ExtensionTypeProvider.GetPluginType () [0x0000c] in <f342c3b6aeee4abea4485c0fb5d73e9d>:0 
  at Vuforia.EditorClasses.VuforiaUtilities.IsVuforiaEnabledInPlayerSettings () [0x00000] in <f342c3b6aeee4abea4485c0fb5d73e9d>:0 
  at Vuforia.EditorClasses.InitializeOnLoadVuforiaTaskRunner..cctor () [0x00015] in <f342c3b6aeee4abea4485c0fb5d73e9d>:0 
UnityEngine.StackTraceUtility:ExtractStackTrace ()
UnityEngine.DebugLogHandler:LogFormat (UnityEngine.LogType,UnityEngine.Object,string,object[])
UnityEngine.Logger:Log (UnityEngine.LogType,object)
UnityEngine.Debug:LogError (object)
UnityEditor.EditorAssemblies:ProcessInitializeOnLoadAttributes (System.Type[])

Mono: successfully reloaded assembly
- Completed reload, in  2.284 seconds
Domain Reload Profiling:
	ReloadAssembly (2285ms)
		BeginReloadAssembly (148ms)
			ExecutionOrderSort (0ms)
			DisableScriptedObjects (9ms)
			BackupInstance (0ms)
			ReleaseScriptingObjects (0ms)
			CreateAndSetChildDomain (20ms)
		EndReloadAssembly (1968ms)
			LoadAssemblies (108ms)
			RebuildTransferFunctionScriptingTraits (0ms)
			SetupTypeCache (417ms)
			ReleaseScriptCaches (1ms)
			RebuildScriptCaches (83ms)
			SetupLoadedEditorAssemblies (1298ms)
				LogAssemblyErrors (0ms)
				InitializePlatformSupportModulesInManaged (49ms)
				SetLoadedEditorAssemblies (1ms)
				RefreshPlugins (3ms)
				BeforeProcessingInitializeOnLoad (145ms)
				ProcessInitializeOnLoadAttributes (1051ms)
				ProcessInitializeOnLoadMethodAttributes (42ms)
				AfterProcessingInitializeOnLoad (8ms)
				EditorAssembliesLoaded (0ms)
			ExecutionOrderSort2 (0ms)
			AwakeInstancesAfterBackupRestoration (8ms)
Platform modules already initialized, skipping
========================================================================
Worker process is ready to serve import requests
Launched and connected shader compiler UnityShaderCompiler.exe after 0.25 seconds
Refreshing native plugins compatible for Editor in 1.72 ms, found 6 plugins.
Plugins: Failed to load 'E:/animesh/innogeeks/AR house/Library/PackageCache/com.ptc.vuforia.engine@778cd30f6ecb/Vuforia/Plugins/Windows/x64/FileDriver.dll' because one or more of its dependencies could not be loaded.
Preloading 2 native plugins for Editor in 2.79 ms.
Unloading 3410 Unused Serialized files (Serialized files now loaded: 0)
Unloading 50 unused Assets / (124.2 KB). Loaded Objects now: 4160.
Memory consumption went from 121.2 MB to 121.1 MB.
Total: 5.458615 ms (FindLiveObjects: 0.397378 ms CreateObjectMapping: 0.405589 ms MarkObjects: 4.500063 ms  DeleteObjects: 0.153122 ms)

AssetImportParameters requested are different than current active one (requested -> active):
  custom:video-decoder-ogg-theora: a1e56fd34408186e4bbccfd4996cb3dc -> 
  custom:container-muxer-webm: aa71ff27fc2769a1b78a27578f13a17b -> 
  custom:container-demuxer-webm: 4f35f7cbe854078d1ac9338744f61a02 -> 
  custom:video-encoder-webm-vp8: eb34c28f22e8b96e1ab97ce403110664 -> 
  custom:audio-encoder-webm-vorbis: bf7c407c2cedff20999df2af8eb42d56 -> 
  custom:framework-win-MediaFoundation: 216162199b28c13a410421893ffa2e32 -> 
  custom:container-demuxer-ogg: 62fdf1f143b41e24485cea50d1cbac27 -> 
  custom:video-decoder-webm-vp8: 9c59270c3fd7afecdb556c50c9e8de78 -> 
  custom:audio-decoder-ogg-vorbis: bf7c407c2cedff20999df2af8eb42d56 -> 
========================================================================
Received Import Request.
  Time since last request: 7937.829749 seconds.
  path: Assets/Resources/VuforiaConfiguration.asset
  artifactKey: Guid(ff7a5282f008ca04b916c3647b95c83c) Importer(815301076,1909f56bfc062723c751e8b465ee728b)
Start importing Assets/Resources/VuforiaConfiguration.asset using Guid(ff7a5282f008ca04b916c3647b95c83c) Importer(815301076,1909f56bfc062723c751e8b465ee728b)  -> (artifact id: 'caafd352e8cc4f292c4d80a685c468a6') in 0.203114 seconds 
========================================================================
Received Import Request.
  Time since last request: 9.938283 seconds.
  path: Assets/Resources/VuforiaConfiguration.asset
  artifactKey: Guid(ff7a5282f008ca04b916c3647b95c83c) Importer(815301076,1909f56bfc062723c751e8b465ee728b)
Start importing Assets/Resources/VuforiaConfiguration.asset using Guid(ff7a5282f008ca04b916c3647b95c83c) Importer(815301076,1909f56bfc062723c751e8b465ee728b)  -> (artifact id: '7aee5a598da4b1d616c44237add87fd4') in 0.003415 seconds 
========================================================================
Received Import Request.
  Time since last request: 1680.018193 seconds.
  path: Assets/Resources/House.prefab
  artifactKey: Guid(5f1f165a3229f6e4289be53bbd6e2320) Importer(815301076,1909f56bfc062723c751e8b465ee728b)
Start importing Assets/Resources/House.prefab using Guid(5f1f165a3229f6e4289be53bbd6e2320) Importer(815301076,1909f56bfc062723c751e8b465ee728b)  -> (artifact id: '9403bbb65ebd6344484b4b05c4d04d39') in 2.648536 seconds 
========================================================================
Received Import Request.
  Time since last request: 232.034274 seconds.
  path: Assets/house prefab.unitypackage
  artifactKey: Guid(697e8ecefc53d5946be501422b03a2b4) Importer(815301076,1909f56bfc062723c751e8b465ee728b)
Start importing Assets/house prefab.unitypackage using Guid(697e8ecefc53d5946be501422b03a2b4) Importer(815301076,1909f56bfc062723c751e8b465ee728b)  -> (artifact id: '144da967b11bd0c57fe1c9e83b5583ee') in 0.131832 seconds 
========================================================================
Received Import Request.
  Time since last request: 84.035838 seconds.
  path: Assets/aerial_grass_rock_diff_4k.jpg
  artifactKey: Guid(3e5d6de5263e1fb4e89081cf6abbf0cd) Importer(815301076,1909f56bfc062723c751e8b465ee728b)
Start importing Assets/aerial_grass_rock_diff_4k.jpg using Guid(3e5d6de5263e1fb4e89081cf6abbf0cd) Importer(815301076,1909f56bfc062723c751e8b465ee728b)  -> (artifact id: '90db36f2ce3caf019b5b83bd9fc5287e') in 1.327656 seconds 
========================================================================
Received Import Request.
  Time since last request: 0.000072 seconds.
  path: Assets/brick_wall_001_diffuse_4k.jpg
  artifactKey: Guid(38174a9a01bf61f448f83016d947dce2) Importer(815301076,1909f56bfc062723c751e8b465ee728b)
Start importing Assets/brick_wall_001_diffuse_4k.jpg using Guid(38174a9a01bf61f448f83016d947dce2) Importer(815301076,1909f56bfc062723c751e8b465ee728b)  -> (artifact id: '9bb787432a1b545e12c4fd7a4d6f5abb') in 0.155848 seconds 
========================================================================
Received Import Request.
  Time since last request: 0.000084 seconds.
  path: Assets/floor_tiles_06_diff_4k.jpg
  artifactKey: Guid(c300200468ee8a841b3eebaa381148f0) Importer(815301076,1909f56bfc062723c751e8b465ee728b)
Start importing Assets/floor_tiles_06_diff_4k.jpg using Guid(c300200468ee8a841b3eebaa381148f0) Importer(815301076,1909f56bfc062723c751e8b465ee728b)  -> (artifact id: '786a3b1db3c7d2fd4b08a6dd6515fe92') in 0.080206 seconds 
========================================================================
Received Import Request.
  Time since last request: 0.000160 seconds.
  path: Assets/aerial_grass_rock_nor_gl_4k.jpg
  artifactKey: Guid(198b39ee8c73d814e86101788dcd3088) Importer(815301076,1909f56bfc062723c751e8b465ee728b)
Start importing Assets/aerial_grass_rock_nor_gl_4k.jpg using Guid(198b39ee8c73d814e86101788dcd3088) Importer(815301076,1909f56bfc062723c751e8b465ee728b)  -> (artifact id: '7f6afa030a949a45511bb1423d8f8910') in 0.068861 seconds 
========================================================================
Received Import Request.
  Time since last request: 0.000046 seconds.
  path: Assets/ground_grey_diff_4k.jpg
  artifactKey: Guid(38a795673600e94428f2d75cb3eb0569) Importer(815301076,1909f56bfc062723c751e8b465ee728b)
Start importing Assets/ground_grey_diff_4k.jpg using Guid(38a795673600e94428f2d75cb3eb0569) Importer(815301076,1909f56bfc062723c751e8b465ee728b)  -> (artifact id: 'b37f879a72002fc5aff2e63c8aecd8ac') in 0.096291 seconds 
========================================================================
Received Import Request.
  Time since last request: 0.000066 seconds.
  path: Assets/wall.mat
  artifactKey: Guid(c693cd52979e5354bb576f6bf3410633) Importer(815301076,1909f56bfc062723c751e8b465ee728b)
Start importing Assets/wall.mat using Guid(c693cd52979e5354bb576f6bf3410633) Importer(815301076,1909f56bfc062723c751e8b465ee728b)  -> (artifact id: '136d6d76fb8e55767036e897a68f03d9') in 2.567544 seconds 
========================================================================
Received Import Request.
  Time since last request: 0.000045 seconds.
  path: Assets/floor_tiles_06_nor_gl_4k.jpg
  artifactKey: Guid(022ff2561a1136d48917e55145468d21) Importer(815301076,1909f56bfc062723c751e8b465ee728b)
Start importing Assets/floor_tiles_06_nor_gl_4k.jpg using Guid(022ff2561a1136d48917e55145468d21) Importer(815301076,1909f56bfc062723c751e8b465ee728b)  -> (artifact id: 'aec8ccb5838a5146c6aea599c92f7760') in 0.210595 seconds 
========================================================================
Received Import Request.
  Time since last request: 0.000195 seconds.
  path: Assets/mailbox.mat
  artifactKey: Guid(b94f12b0204b6f442bc529563331f464) Importer(815301076,1909f56bfc062723c751e8b465ee728b)
Start importing Assets/mailbox.mat using Guid(b94f12b0204b6f442bc529563331f464) Importer(815301076,1909f56bfc062723c751e8b465ee728b)  -> (artifact id: '2c50b69d767881cd5b9d07152697e545') in 0.438193 seconds 
========================================================================
Received Import Request.
  Time since last request: 0.000204 seconds.
  path: Assets/House.prefab
  artifactKey: Guid(c07195c975d07814a8666c37ab3bf7ab) Importer(815301076,1909f56bfc062723c751e8b465ee728b)
Start importing Assets/House.prefab using Guid(c07195c975d07814a8666c37ab3bf7ab) Importer(815301076,1909f56bfc062723c751e8b465ee728b)  -> (artifact id: 'e43bed70d8bb78e2b028d697e0affc97') in 5.849838 seconds 
========================================================================
Received Import Request.
  Time since last request: 1.032010 seconds.
  path: Assets/aerial_grass_rock_nor_gl_4k.jpg
  artifactKey: Guid(198b39ee8c73d814e86101788dcd3088) Importer(815301076,1909f56bfc062723c751e8b465ee728b)
Start importing Assets/aerial_grass_rock_nor_gl_4k.jpg using Guid(198b39ee8c73d814e86101788dcd3088) Importer(815301076,1909f56bfc062723c751e8b465ee728b)  -> (artifact id: '519eb6c818ce249d4d7130a4bb6226c1') in 0.199086 seconds 
========================================================================
Received Import Request.
  Time since last request: 0.000046 seconds.
  path: Assets/House.prefab
  artifactKey: Guid(c07195c975d07814a8666c37ab3bf7ab) Importer(815301076,1909f56bfc062723c751e8b465ee728b)
Start importing Assets/House.prefab using Guid(c07195c975d07814a8666c37ab3bf7ab) Importer(815301076,1909f56bfc062723c751e8b465ee728b)  -> (artifact id: '4e4fd2f8e0a6e560a64ef66f6eda21b5') in 1.396893 seconds 
========================================================================
Received Import Request.
  Time since last request: 0.000072 seconds.
  path: Assets/ground.mat
  artifactKey: Guid(633933961276bb640bcb005af1a58bc2) Importer(815301076,1909f56bfc062723c751e8b465ee728b)
Start importing Assets/ground.mat using Guid(633933961276bb640bcb005af1a58bc2) Importer(815301076,1909f56bfc062723c751e8b465ee728b)  -> (artifact id: 'd4375667f7d65b0d171879b085957b6f') in 0.246106 seconds 
========================================================================
Received Import Request.
  Time since last request: 0.000035 seconds.
  path: Assets/ground_grey_nor_gl_4k.jpg
  artifactKey: Guid(2b7664903c4572d4fa4b2478ae24ad47) Importer(815301076,1909f56bfc062723c751e8b465ee728b)
Start importing Assets/ground_grey_nor_gl_4k.jpg using Guid(2b7664903c4572d4fa4b2478ae24ad47) Importer(815301076,1909f56bfc062723c751e8b465ee728b)  -> (artifact id: 'bd27ea853dbfef9580ca5abf6c514a35') in 0.134707 seconds 
========================================================================
Received Import Request.
  Time since last request: 0.000044 seconds.
  path: Assets/Road.mat
  artifactKey: Guid(70e9f4f2573077d41bc112ac57a6788d) Importer(815301076,1909f56bfc062723c751e8b465ee728b)
Start importing Assets/Road.mat using Guid(70e9f4f2573077d41bc112ac57a6788d) Importer(815301076,1909f56bfc062723c751e8b465ee728b)  -> (artifact id: '7399a770088f41e56b6b5ca7660abee4') in 0.161377 seconds 
========================================================================
Received Import Request.
  Time since last request: 0.000897 seconds.
  path: Assets/tiles.mat
  artifactKey: Guid(c815f0c1a27626447915ee4027a212d0) Importer(815301076,1909f56bfc062723c751e8b465ee728b)
Start importing Assets/tiles.mat using Guid(c815f0c1a27626447915ee4027a212d0) Importer(815301076,1909f56bfc062723c751e8b465ee728b)  -> (artifact id: '126ee7c8ded32b23292d19121d4979e0') in 0.138768 seconds 
========================================================================
Received Import Request.
  Time since last request: 0.000050 seconds.
  path: Assets/wood window.prefab
  artifactKey: Guid(eb20e208120b4794cbbb1d54d9f8a7a5) Importer(815301076,1909f56bfc062723c751e8b465ee728b)
Start importing Assets/wood window.prefab using Guid(eb20e208120b4794cbbb1d54d9f8a7a5) Importer(815301076,1909f56bfc062723c751e8b465ee728b)  -> (artifact id: 'e2beedb3daec705c089231e7642b53d5') in 0.091214 seconds 
========================================================================
Received Import Request.
  Time since last request: 0.000047 seconds.
  path: Assets/brick_wall_001_nor_gl_4k.jpg
  artifactKey: Guid(ae9bb72b15b26da4b98e5f1a702091a1) Importer(815301076,1909f56bfc062723c751e8b465ee728b)
Start importing Assets/brick_wall_001_nor_gl_4k.jpg using Guid(ae9bb72b15b26da4b98e5f1a702091a1) Importer(815301076,1909f56bfc062723c751e8b465ee728b)  -> (artifact id: '4d3af93944a1db2d829e83e4f735390f') in 0.173616 seconds 
========================================================================
Received Import Request.
  Time since last request: 0.000161 seconds.
  path: Assets/wood_table_worn_nor_gl_4k.jpg
  artifactKey: Guid(85fa5fde061063b4ea5483f914433e8f) Importer(815301076,1909f56bfc062723c751e8b465ee728b)
Start importing Assets/wood_table_worn_nor_gl_4k.jpg using Guid(85fa5fde061063b4ea5483f914433e8f) Importer(815301076,1909f56bfc062723c751e8b465ee728b)  -> (artifact id: 'e621b2ba2b54f1e58d936e57998ac3f8') in 0.112734 seconds 
========================================================================
Received Import Request.
  Time since last request: 0.000217 seconds.
  path: Assets/glass.mat
  artifactKey: Guid(d4878bf76439be3438164b7983546f8d) Importer(815301076,1909f56bfc062723c751e8b465ee728b)
Start importing Assets/glass.mat using Guid(d4878bf76439be3438164b7983546f8d) Importer(815301076,1909f56bfc062723c751e8b465ee728b)  -> (artifact id: '58fbb50c0eca67ba726c36e6d66a2c35') in 0.098777 seconds 
========================================================================
Received Import Request.
  Time since last request: 0.000033 seconds.
  path: Assets/wood.mat
  artifactKey: Guid(bfd191d9393119b44af7d92e56c192cf) Importer(815301076,1909f56bfc062723c751e8b465ee728b)
Start importing Assets/wood.mat using Guid(bfd191d9393119b44af7d92e56c192cf) Importer(815301076,1909f56bfc062723c751e8b465ee728b)  -> (artifact id: '95fa2da6eea76ecf26a1fc058bc7f680') in 0.152138 seconds 
========================================================================
Received Import Request.
  Time since last request: 0.000144 seconds.
  path: Assets/wood_table_worn_diff_4k.jpg
  artifactKey: Guid(6eec26097fb97ce46b7392df4409b285) Importer(815301076,1909f56bfc062723c751e8b465ee728b)
Start importing Assets/wood_table_worn_diff_4k.jpg using Guid(6eec26097fb97ce46b7392df4409b285) Importer(815301076,1909f56bfc062723c751e8b465ee728b)  -> (artifact id: 'e1ff5ebd3f49c739cf15acc572a78643') in 0.084142 seconds 
========================================================================
Received Import Request.
  Time since last request: 519.078035 seconds.
  path: Assets/House.prefab
  artifactKey: Guid(c07195c975d07814a8666c37ab3bf7ab) Importer(815301076,1909f56bfc062723c751e8b465ee728b)
Start importing Assets/House.prefab using Guid(c07195c975d07814a8666c37ab3bf7ab) Importer(815301076,1909f56bfc062723c751e8b465ee728b)  -> (artifact id: '17beb054142801e312abd0dbba858d71') in 3.653227 seconds 
